<?xml version="1.0" encoding="UTF-8"?>
<testsuite xmlns:xsi="http://www.w3.org/2001/XMLSchema-instance" xsi:noNamespaceSchemaLocation="https://maven.apache.org/surefire/maven-surefire-plugin/xsd/surefire-test-report.xsd" name="com.github.miller.shan.service.CalculatorServiceTest" time="0.039" tests="5" errors="0" skipped="2" failures="0">
  <properties>
[...]
</properties>
  <testcase name="testAdd" classname="com.github.miller.shan.service.CalculatorServiceTest" time="0.029"/>
  <testcase name="testSubtract" classname="com.github.miller.shan.service.CalculatorServiceTest" time="0">
    <skipped message="public void com.github.miller.shan.service.CalculatorServiceTest.testSubtract() is @Disabled"/>
  </testcase>
  <testcase name="testDivisionIsZero" classname="com.github.miller.shan.service.CalculatorServiceTest" time="0.002"/>
  <testcase name="testDivision" classname="com.github.miller.shan.service.CalculatorServiceTest" time="0.001"/>
  <testcase name="testMultiply" classname="com.github.miller.shan.service.CalculatorServiceTest" time="0">
    <skipped message="public void com.github.miller.shan.service.CalculatorServiceTest.testMultiply() is @Disabled"/>
  </testcase>
</testsuite>